2025-10-23 14:10:51,745 - INFO - Processing sample data with new structured approach
2025-10-23 14:10:51,857 - ERROR - Database setup failed: relation "trademark_case_files" does not exist

2025-10-23 14:10:51,857 - ERROR - Database setup failed
2025-10-23 14:14:39,424 - INFO - Processing sample data with new structured approach
2025-10-23 14:14:39,459 - ERROR - Database setup failed: relation "trademark_case_files" does not exist

2025-10-23 14:14:39,459 - ERROR - Database setup failed
2025-10-23 14:14:58,965 - INFO - Processing sample data with new structured approach
2025-10-23 14:14:59,005 - INFO - Database connection successful
2025-10-23 14:14:59,005 - INFO - Processing case file CSV: uspto_data/extracted/TRCFECO2/case_file.csv/case_file.csv
2025-10-23 14:14:59,061 - INFO - CSV file has 100 rows
2025-10-23 14:14:59,088 - INFO - Processed 100 case files from CSV
2025-10-23 14:14:59,258 - INFO - Saved 100 case files to database
2025-10-23 14:14:59,258 - INFO - Sample record - SN: 60000001, Mark: None
2025-10-23 14:14:59,258 - INFO - Successfully processed and saved 100 case files
2025-10-23 14:24:44,214 - INFO - Processing sample data with new structured approach
2025-10-23 14:24:44,252 - INFO - Database connection successful
2025-10-23 14:24:44,253 - INFO - Processing case file CSV: uspto_data/extracted/TRCFECO2/case_file.csv/case_file.csv
2025-10-23 14:24:44,262 - INFO - CSV file has 10 rows
2025-10-23 14:24:44,266 - INFO - Processed 10 case files from CSV
2025-10-23 14:24:44,308 - INFO - Saved 10 case files to database
2025-10-23 14:24:44,308 - INFO - Sample record - SN: 60000001, Mark: None
2025-10-23 14:24:44,308 - INFO - Successfully processed and saved 10 case files
2025-10-23 14:38:55,976 - INFO - Processing sample data with new structured approach
2025-10-23 14:38:56,008 - INFO - Database connection successful
2025-10-23 14:38:56,008 - INFO - Processing case file CSV: uspto_data/extracted/TRCFECO2/case_file.csv/case_file.csv
2025-10-23 14:38:56,015 - INFO - CSV file has 5 rows
2025-10-23 14:38:56,017 - INFO - Processed 5 case files from CSV
2025-10-23 14:38:56,152 - INFO - Saved 5 case files to database
2025-10-23 14:38:56,153 - INFO - Sample record - SN: 60000001, Mark: None
2025-10-23 14:38:56,153 - INFO - Successfully processed and saved 5 case files
2025-10-23 14:43:21,562 - INFO - Processing sample data with new structured approach
2025-10-23 14:43:21,596 - INFO - Database connection successful
2025-10-23 14:43:21,596 - INFO - Processing case file CSV: uspto_data/extracted/TRCFECO2/case_file.csv/case_file.csv
2025-10-23 14:45:23,611 - INFO - CSV file has 12691941 rows
2025-10-23 15:27:25,974 - INFO - Processed 12691941 case files from CSV
2025-10-23 15:48:15,707 - ERROR - Database save failed: index row size 2960 exceeds btree version 4 maximum 2704 for index "idx_trademark_case_files_mark_id"
DETAIL:  Index row references tuple (154391,29) in relation "trademark_case_files".
HINT:  Values larger than 1/3 of a buffer page cannot be indexed.
Consider a function index of an MD5 hash of the value, or use full text indexing.

2025-10-23 15:48:15,715 - INFO - Successfully processed and saved 0 case files
2025-10-23 16:11:32,325 - INFO - Processing sample data with new structured approach
2025-10-23 16:11:32,485 - INFO - Database connection successful
2025-10-23 16:11:32,485 - INFO - Processing case file CSV: uspto_data/extracted/TRCFECO2/case_file.csv/case_file.csv
2025-10-23 16:14:35,962 - INFO - Processing sample data with new structured approach
2025-10-23 16:14:36,143 - INFO - Database connection successful
2025-10-23 16:14:36,143 - INFO - Processing case file CSV: uspto_data/extracted/TRCFECO2/case_file.csv/case_file.csv
2025-10-23 16:14:36,173 - INFO - CSV file has 100 rows
2025-10-23 16:14:36,177 - INFO - Processing CSV progress: 1% (1/100)
2025-10-23 16:14:36,177 - INFO - Processing CSV progress: 2% (2/100)
2025-10-23 16:14:36,177 - INFO - Processing CSV progress: 3% (3/100)
2025-10-23 16:14:36,178 - INFO - Processing CSV progress: 4% (4/100)
2025-10-23 16:14:36,178 - INFO - Processing CSV progress: 5% (5/100)
2025-10-23 16:14:36,194 - INFO - Processing CSV progress: 6% (6/100)
2025-10-23 16:14:36,195 - INFO - Processing CSV progress: 7% (7/100)
2025-10-23 16:14:36,195 - INFO - Processing CSV progress: 8% (8/100)
2025-10-23 16:14:36,195 - INFO - Processing CSV progress: 9% (9/100)
2025-10-23 16:14:36,196 - INFO - Processing CSV progress: 10% (10/100)
2025-10-23 16:14:36,196 - INFO - Processing CSV progress: 11% (11/100)
2025-10-23 16:14:36,196 - INFO - Processing CSV progress: 12% (12/100)
2025-10-23 16:14:36,197 - INFO - Processing CSV progress: 13% (13/100)
2025-10-23 16:14:36,197 - INFO - Processing CSV progress: 14% (14/100)
2025-10-23 16:14:36,197 - INFO - Processing CSV progress: 15% (15/100)
2025-10-23 16:14:36,198 - INFO - Processing CSV progress: 16% (16/100)
2025-10-23 16:14:36,198 - INFO - Processing CSV progress: 17% (17/100)
2025-10-23 16:14:36,199 - INFO - Processing CSV progress: 18% (18/100)
2025-10-23 16:14:36,199 - INFO - Processing CSV progress: 19% (19/100)
2025-10-23 16:14:36,199 - INFO - Processing CSV progress: 20% (20/100)
2025-10-23 16:14:36,200 - INFO - Processing CSV progress: 21% (21/100)
2025-10-23 16:14:36,200 - INFO - Processing CSV progress: 22% (22/100)
2025-10-23 16:14:36,200 - INFO - Processing CSV progress: 23% (23/100)
2025-10-23 16:14:36,201 - INFO - Processing CSV progress: 24% (24/100)
2025-10-23 16:14:36,201 - INFO - Processing CSV progress: 25% (25/100)
2025-10-23 16:14:36,201 - INFO - Processing CSV progress: 26% (26/100)
2025-10-23 16:14:36,202 - INFO - Processing CSV progress: 27% (27/100)
2025-10-23 16:14:36,202 - INFO - Processing CSV progress: 28% (28/100)
2025-10-23 16:14:36,202 - INFO - Processing CSV progress: 29% (29/100)
2025-10-23 16:14:36,203 - INFO - Processing CSV progress: 30% (30/100)
2025-10-23 16:14:36,203 - INFO - Processing CSV progress: 31% (31/100)
2025-10-23 16:14:36,203 - INFO - Processing CSV progress: 32% (32/100)
2025-10-23 16:14:36,204 - INFO - Processing CSV progress: 33% (33/100)
2025-10-23 16:14:36,204 - INFO - Processing CSV progress: 34% (34/100)
2025-10-23 16:14:36,205 - INFO - Processing CSV progress: 35% (35/100)
2025-10-23 16:14:36,205 - INFO - Processing CSV progress: 36% (36/100)
2025-10-23 16:14:36,205 - INFO - Processing CSV progress: 37% (37/100)
2025-10-23 16:14:36,206 - INFO - Processing CSV progress: 38% (38/100)
2025-10-23 16:14:36,206 - INFO - Processing CSV progress: 39% (39/100)
2025-10-23 16:14:36,206 - INFO - Processing CSV progress: 40% (40/100)
2025-10-23 16:14:36,206 - INFO - Processing CSV progress: 41% (41/100)
2025-10-23 16:14:36,207 - INFO - Processing CSV progress: 42% (42/100)
2025-10-23 16:14:36,207 - INFO - Processing CSV progress: 43% (43/100)
2025-10-23 16:14:36,208 - INFO - Processing CSV progress: 44% (44/100)
2025-10-23 16:14:36,208 - INFO - Processing CSV progress: 45% (45/100)
2025-10-23 16:14:36,208 - INFO - Processing CSV progress: 46% (46/100)
2025-10-23 16:14:36,209 - INFO - Processing CSV progress: 47% (47/100)
2025-10-23 16:14:36,209 - INFO - Processing CSV progress: 48% (48/100)
2025-10-23 16:14:36,209 - INFO - Processing CSV progress: 49% (49/100)
2025-10-23 16:14:36,210 - INFO - Processing CSV progress: 50% (50/100)
2025-10-23 16:14:36,210 - INFO - Processing CSV progress: 51% (51/100)
2025-10-23 16:14:36,210 - INFO - Processing CSV progress: 52% (52/100)
2025-10-23 16:14:36,211 - INFO - Processing CSV progress: 53% (53/100)
2025-10-23 16:14:36,211 - INFO - Processing CSV progress: 54% (54/100)
2025-10-23 16:14:36,212 - INFO - Processing CSV progress: 55% (55/100)
2025-10-23 16:14:36,212 - INFO - Processing CSV progress: 56% (56/100)
2025-10-23 16:14:36,212 - INFO - Processing CSV progress: 57% (57/100)
2025-10-23 16:14:36,212 - INFO - Processing CSV progress: 58% (58/100)
2025-10-23 16:14:36,213 - INFO - Processing CSV progress: 59% (59/100)
2025-10-23 16:14:36,213 - INFO - Processing CSV progress: 60% (60/100)
2025-10-23 16:14:36,213 - INFO - Processing CSV progress: 61% (61/100)
2025-10-23 16:14:36,214 - INFO - Processing CSV progress: 62% (62/100)
2025-10-23 16:14:36,214 - INFO - Processing CSV progress: 63% (63/100)
2025-10-23 16:14:36,214 - INFO - Processing CSV progress: 64% (64/100)
2025-10-23 16:14:36,215 - INFO - Processing CSV progress: 65% (65/100)
2025-10-23 16:14:36,215 - INFO - Processing CSV progress: 66% (66/100)
2025-10-23 16:14:36,216 - INFO - Processing CSV progress: 67% (67/100)
2025-10-23 16:14:36,216 - INFO - Processing CSV progress: 68% (68/100)
2025-10-23 16:14:36,216 - INFO - Processing CSV progress: 69% (69/100)
2025-10-23 16:14:36,217 - INFO - Processing CSV progress: 70% (70/100)
2025-10-23 16:14:36,217 - INFO - Processing CSV progress: 71% (71/100)
2025-10-23 16:14:36,217 - INFO - Processing CSV progress: 72% (72/100)
2025-10-23 16:14:36,218 - INFO - Processing CSV progress: 73% (73/100)
2025-10-23 16:14:36,218 - INFO - Processing CSV progress: 74% (74/100)
2025-10-23 16:14:36,218 - INFO - Processing CSV progress: 75% (75/100)
2025-10-23 16:14:36,219 - INFO - Processing CSV progress: 76% (76/100)
2025-10-23 16:14:36,219 - INFO - Processing CSV progress: 77% (77/100)
2025-10-23 16:14:36,219 - INFO - Processing CSV progress: 78% (78/100)
2025-10-23 16:14:36,220 - INFO - Processing CSV progress: 79% (79/100)
2025-10-23 16:14:36,220 - INFO - Processing CSV progress: 80% (80/100)
2025-10-23 16:14:36,220 - INFO - Processing CSV progress: 81% (81/100)
2025-10-23 16:14:36,221 - INFO - Processing CSV progress: 82% (82/100)
2025-10-23 16:14:36,221 - INFO - Processing CSV progress: 83% (83/100)
2025-10-23 16:14:36,221 - INFO - Processing CSV progress: 84% (84/100)
2025-10-23 16:14:36,222 - INFO - Processing CSV progress: 85% (85/100)
2025-10-23 16:14:36,222 - INFO - Processing CSV progress: 86% (86/100)
2025-10-23 16:14:36,222 - INFO - Processing CSV progress: 87% (87/100)
2025-10-23 16:14:36,223 - INFO - Processing CSV progress: 88% (88/100)
2025-10-23 16:14:36,223 - INFO - Processing CSV progress: 89% (89/100)
2025-10-23 16:14:36,223 - INFO - Processing CSV progress: 90% (90/100)
2025-10-23 16:14:36,224 - INFO - Processing CSV progress: 91% (91/100)
2025-10-23 16:14:36,224 - INFO - Processing CSV progress: 92% (92/100)
2025-10-23 16:14:36,224 - INFO - Processing CSV progress: 93% (93/100)
2025-10-23 16:14:36,225 - INFO - Processing CSV progress: 94% (94/100)
2025-10-23 16:14:36,225 - INFO - Processing CSV progress: 95% (95/100)
2025-10-23 16:14:36,225 - INFO - Processing CSV progress: 96% (96/100)
2025-10-23 16:14:36,226 - INFO - Processing CSV progress: 97% (97/100)
2025-10-23 16:14:36,226 - INFO - Processing CSV progress: 98% (98/100)
2025-10-23 16:14:36,226 - INFO - Processing CSV progress: 99% (99/100)
2025-10-23 16:14:36,227 - INFO - Processing CSV progress: 100% (100/100)
2025-10-23 16:14:36,227 - INFO - Processed 100 case files from CSV
2025-10-23 16:14:36,290 - INFO - DB save progress: 100% (100/100)
2025-10-23 16:14:36,290 - INFO - Saved 100 case files to database
2025-10-23 16:14:36,290 - INFO - Sample record - SN: 60000001, Mark: None
2025-10-23 16:14:36,290 - INFO - Successfully processed and saved 100 case files
2025-10-23 16:15:27,534 - INFO - Processing sample data with new structured approach
2025-10-23 16:15:27,567 - INFO - Database connection successful
2025-10-23 16:15:27,568 - INFO - Processing case file CSV: uspto_data/extracted/TRCFECO2/case_file.csv/case_file.csv
2025-10-23 16:15:27,574 - INFO - CSV file has 100 rows
2025-10-23 16:15:27,575 - INFO - Processing CSV progress: 1% (1/100)
2025-10-23 16:15:27,576 - INFO - Processing CSV progress: 2% (2/100)
2025-10-23 16:15:27,576 - INFO - Processing CSV progress: 3% (3/100)
2025-10-23 16:15:27,576 - INFO - Processing CSV progress: 4% (4/100)
2025-10-23 16:15:27,577 - INFO - Processing CSV progress: 5% (5/100)
2025-10-23 16:15:27,577 - INFO - Processing CSV progress: 6% (6/100)
2025-10-23 16:15:27,577 - INFO - Processing CSV progress: 7% (7/100)
2025-10-23 16:15:27,578 - INFO - Processing CSV progress: 8% (8/100)
2025-10-23 16:15:27,578 - INFO - Processing CSV progress: 9% (9/100)
2025-10-23 16:15:27,578 - INFO - Processing CSV progress: 10% (10/100)
2025-10-23 16:15:27,579 - INFO - Processing CSV progress: 11% (11/100)
2025-10-23 16:15:27,579 - INFO - Processing CSV progress: 12% (12/100)
2025-10-23 16:15:27,579 - INFO - Processing CSV progress: 13% (13/100)
2025-10-23 16:15:27,580 - INFO - Processing CSV progress: 14% (14/100)
2025-10-23 16:15:27,580 - INFO - Processing CSV progress: 15% (15/100)
2025-10-23 16:15:27,580 - INFO - Processing CSV progress: 16% (16/100)
2025-10-23 16:15:27,581 - INFO - Processing CSV progress: 17% (17/100)
2025-10-23 16:15:27,581 - INFO - Processing CSV progress: 18% (18/100)
2025-10-23 16:15:27,581 - INFO - Processing CSV progress: 19% (19/100)
2025-10-23 16:15:27,582 - INFO - Processing CSV progress: 20% (20/100)
2025-10-23 16:15:27,582 - INFO - Processing CSV progress: 21% (21/100)
2025-10-23 16:15:27,583 - INFO - Processing CSV progress: 22% (22/100)
2025-10-23 16:15:27,583 - INFO - Processing CSV progress: 23% (23/100)
2025-10-23 16:15:27,583 - INFO - Processing CSV progress: 24% (24/100)
2025-10-23 16:15:27,584 - INFO - Processing CSV progress: 25% (25/100)
2025-10-23 16:15:27,584 - INFO - Processing CSV progress: 26% (26/100)
2025-10-23 16:15:27,584 - INFO - Processing CSV progress: 27% (27/100)
2025-10-23 16:15:27,585 - INFO - Processing CSV progress: 28% (28/100)
2025-10-23 16:15:27,585 - INFO - Processing CSV progress: 29% (29/100)
2025-10-23 16:15:27,585 - INFO - Processing CSV progress: 30% (30/100)
2025-10-23 16:15:27,586 - INFO - Processing CSV progress: 31% (31/100)
2025-10-23 16:15:27,586 - INFO - Processing CSV progress: 32% (32/100)
2025-10-23 16:15:27,586 - INFO - Processing CSV progress: 33% (33/100)
2025-10-23 16:15:27,587 - INFO - Processing CSV progress: 34% (34/100)
2025-10-23 16:15:27,587 - INFO - Processing CSV progress: 35% (35/100)
2025-10-23 16:15:27,587 - INFO - Processing CSV progress: 36% (36/100)
2025-10-23 16:15:27,588 - INFO - Processing CSV progress: 37% (37/100)
2025-10-23 16:15:27,588 - INFO - Processing CSV progress: 38% (38/100)
2025-10-23 16:15:27,588 - INFO - Processing CSV progress: 39% (39/100)
2025-10-23 16:15:27,589 - INFO - Processing CSV progress: 40% (40/100)
2025-10-23 16:15:27,589 - INFO - Processing CSV progress: 41% (41/100)
2025-10-23 16:15:27,589 - INFO - Processing CSV progress: 42% (42/100)
2025-10-23 16:15:27,590 - INFO - Processing CSV progress: 43% (43/100)
2025-10-23 16:15:27,590 - INFO - Processing CSV progress: 44% (44/100)
2025-10-23 16:15:27,590 - INFO - Processing CSV progress: 45% (45/100)
2025-10-23 16:15:27,591 - INFO - Processing CSV progress: 46% (46/100)
2025-10-23 16:15:27,591 - INFO - Processing CSV progress: 47% (47/100)
2025-10-23 16:15:27,591 - INFO - Processing CSV progress: 48% (48/100)
2025-10-23 16:15:27,592 - INFO - Processing CSV progress: 49% (49/100)
2025-10-23 16:15:27,592 - INFO - Processing CSV progress: 50% (50/100)
2025-10-23 16:15:27,592 - INFO - Processing CSV progress: 51% (51/100)
2025-10-23 16:15:27,593 - INFO - Processing CSV progress: 52% (52/100)
2025-10-23 16:15:27,593 - INFO - Processing CSV progress: 53% (53/100)
2025-10-23 16:15:27,593 - INFO - Processing CSV progress: 54% (54/100)
2025-10-23 16:15:27,594 - INFO - Processing CSV progress: 55% (55/100)
2025-10-23 16:15:27,594 - INFO - Processing CSV progress: 56% (56/100)
2025-10-23 16:15:27,594 - INFO - Processing CSV progress: 57% (57/100)
2025-10-23 16:15:27,595 - INFO - Processing CSV progress: 58% (58/100)
2025-10-23 16:15:27,595 - INFO - Processing CSV progress: 59% (59/100)
2025-10-23 16:15:27,595 - INFO - Processing CSV progress: 60% (60/100)
2025-10-23 16:15:27,596 - INFO - Processing CSV progress: 61% (61/100)
2025-10-23 16:15:27,596 - INFO - Processing CSV progress: 62% (62/100)
2025-10-23 16:15:27,596 - INFO - Processing CSV progress: 63% (63/100)
2025-10-23 16:15:27,597 - INFO - Processing CSV progress: 64% (64/100)
2025-10-23 16:15:27,597 - INFO - Processing CSV progress: 65% (65/100)
2025-10-23 16:15:27,597 - INFO - Processing CSV progress: 66% (66/100)
2025-10-23 16:15:27,598 - INFO - Processing CSV progress: 67% (67/100)
2025-10-23 16:15:27,598 - INFO - Processing CSV progress: 68% (68/100)
2025-10-23 16:15:27,598 - INFO - Processing CSV progress: 69% (69/100)
2025-10-23 16:15:27,599 - INFO - Processing CSV progress: 70% (70/100)
2025-10-23 16:15:27,599 - INFO - Processing CSV progress: 71% (71/100)
2025-10-23 16:15:27,599 - INFO - Processing CSV progress: 72% (72/100)
2025-10-23 16:15:27,600 - INFO - Processing CSV progress: 73% (73/100)
2025-10-23 16:15:27,600 - INFO - Processing CSV progress: 74% (74/100)
2025-10-23 16:15:27,600 - INFO - Processing CSV progress: 75% (75/100)
2025-10-23 16:15:27,601 - INFO - Processing CSV progress: 76% (76/100)
2025-10-23 16:15:27,601 - INFO - Processing CSV progress: 77% (77/100)
2025-10-23 16:15:27,601 - INFO - Processing CSV progress: 78% (78/100)
2025-10-23 16:15:27,602 - INFO - Processing CSV progress: 79% (79/100)
2025-10-23 16:15:27,602 - INFO - Processing CSV progress: 80% (80/100)
2025-10-23 16:15:27,602 - INFO - Processing CSV progress: 81% (81/100)
2025-10-23 16:15:27,603 - INFO - Processing CSV progress: 82% (82/100)
2025-10-23 16:15:27,603 - INFO - Processing CSV progress: 83% (83/100)
2025-10-23 16:15:27,603 - INFO - Processing CSV progress: 84% (84/100)
2025-10-23 16:15:27,604 - INFO - Processing CSV progress: 85% (85/100)
2025-10-23 16:15:27,604 - INFO - Processing CSV progress: 86% (86/100)
2025-10-23 16:15:27,604 - INFO - Processing CSV progress: 87% (87/100)
2025-10-23 16:15:27,605 - INFO - Processing CSV progress: 88% (88/100)
2025-10-23 16:15:27,605 - INFO - Processing CSV progress: 89% (89/100)
2025-10-23 16:15:27,605 - INFO - Processing CSV progress: 90% (90/100)
2025-10-23 16:15:27,606 - INFO - Processing CSV progress: 91% (91/100)
2025-10-23 16:15:27,606 - INFO - Processing CSV progress: 92% (92/100)
2025-10-23 16:15:27,606 - INFO - Processing CSV progress: 93% (93/100)
2025-10-23 16:15:27,607 - INFO - Processing CSV progress: 94% (94/100)
2025-10-23 16:15:27,607 - INFO - Processing CSV progress: 95% (95/100)
2025-10-23 16:15:27,607 - INFO - Processing CSV progress: 96% (96/100)
2025-10-23 16:15:27,608 - INFO - Processing CSV progress: 97% (97/100)
2025-10-23 16:15:27,608 - INFO - Processing CSV progress: 98% (98/100)
2025-10-23 16:15:27,608 - INFO - Processing CSV progress: 99% (99/100)
2025-10-23 16:15:27,609 - INFO - Processing CSV progress: 100% (100/100)
2025-10-23 16:15:27,609 - INFO - Processed 100 case files from CSV
2025-10-23 16:15:27,668 - INFO - DB save progress: 100% (100/100)
2025-10-23 16:15:27,668 - INFO - Saved 100 case files to database
2025-10-23 16:15:27,668 - INFO - Sample record - SN: 60000001, Mark: None
2025-10-23 16:15:27,669 - INFO - Successfully processed and saved 100 case files
2025-10-23 16:17:58,842 - INFO - Processing ALL case_file.csv files under extracted directory
2025-10-23 16:17:58,885 - INFO - Database connection successful
2025-10-23 16:17:58,886 - INFO - Found case file CSV: ./uspto_data\extracted\TRCFECO2\case_file.csv\case_file.csv -> source: TRCFECO2/case_file.csv
2025-10-23 16:17:58,887 - INFO - Processing case file CSV: ./uspto_data\extracted\TRCFECO2\case_file.csv\case_file.csv
2025-10-23 16:17:58,893 - INFO - CSV file has 10 rows
2025-10-23 16:17:58,894 - INFO - Processing CSV progress: 10% (1/10)
2025-10-23 16:17:58,895 - INFO - Processing CSV progress: 20% (2/10)
2025-10-23 16:17:58,895 - INFO - Processing CSV progress: 30% (3/10)
2025-10-23 16:17:58,895 - INFO - Processing CSV progress: 40% (4/10)
2025-10-23 16:17:58,896 - INFO - Processing CSV progress: 50% (5/10)
2025-10-23 16:17:58,896 - INFO - Processing CSV progress: 60% (6/10)
2025-10-23 16:17:58,896 - INFO - Processing CSV progress: 70% (7/10)
2025-10-23 16:17:58,897 - INFO - Processing CSV progress: 80% (8/10)
2025-10-23 16:17:58,897 - INFO - Processing CSV progress: 90% (9/10)
2025-10-23 16:17:58,897 - INFO - Processing CSV progress: 100% (10/10)
2025-10-23 16:17:58,898 - INFO - Processed 10 case files from CSV
2025-10-23 16:17:58,935 - INFO - DB save progress: 100% (10/10)
2025-10-23 16:17:58,935 - INFO - Saved 10 case files to database
2025-10-23 16:17:58,936 - INFO - Sample record - SN: 60000001, Mark: None
2025-10-23 16:17:58,937 - INFO - Finished processing all case_file.csv files. Total saved: 10
2025-10-23 16:18:35,070 - INFO - Processing sample data with new structured approach
2025-10-23 16:18:35,103 - INFO - Database connection successful
2025-10-23 16:18:35,103 - INFO - Processing case file CSV: uspto_data/extracted/TRCFECO2/case_file.csv/case_file.csv
2025-10-23 16:18:35,109 - INFO - CSV file has 10 rows
2025-10-23 16:18:35,110 - INFO - Processing CSV progress: 10% (1/10)
2025-10-23 16:18:35,110 - INFO - Processing CSV progress: 20% (2/10)
2025-10-23 16:18:35,111 - INFO - Processing CSV progress: 30% (3/10)
2025-10-23 16:18:35,111 - INFO - Processing CSV progress: 40% (4/10)
2025-10-23 16:18:35,111 - INFO - Processing CSV progress: 50% (5/10)
2025-10-23 16:18:35,112 - INFO - Processing CSV progress: 60% (6/10)
2025-10-23 16:18:35,112 - INFO - Processing CSV progress: 70% (7/10)
2025-10-23 16:18:35,112 - INFO - Processing CSV progress: 80% (8/10)
2025-10-23 16:18:35,113 - INFO - Processing CSV progress: 90% (9/10)
2025-10-23 16:18:35,113 - INFO - Processing CSV progress: 100% (10/10)
2025-10-23 16:18:35,113 - INFO - Processed 10 case files from CSV
2025-10-23 16:18:35,143 - INFO - DB save progress: 100% (10/10)
2025-10-23 16:18:35,144 - INFO - Saved 10 case files to database
2025-10-23 16:18:35,144 - INFO - Sample record - SN: 60000001, Mark: None
2025-10-23 16:18:35,144 - INFO - Successfully processed and saved 10 case files
2025-10-23 16:19:16,835 - INFO - Processing case file CSV: uspto_data/extracted/TRCFECO2/case_file.csv/case_file.csv
2025-10-23 16:19:16,841 - INFO - CSV file has 10 rows
2025-10-23 16:19:16,842 - INFO - Processing CSV progress: 10% (1/10)
2025-10-23 16:19:16,842 - INFO - Processing CSV progress: 20% (2/10)
2025-10-23 16:19:16,843 - INFO - Processing CSV progress: 30% (3/10)
2025-10-23 16:19:16,843 - INFO - Processing CSV progress: 40% (4/10)
2025-10-23 16:19:16,843 - INFO - Processing CSV progress: 50% (5/10)
2025-10-23 16:19:16,844 - INFO - Processing CSV progress: 60% (6/10)
2025-10-23 16:19:16,844 - INFO - Processing CSV progress: 70% (7/10)
2025-10-23 16:19:16,845 - INFO - Processing CSV progress: 80% (8/10)
2025-10-23 16:19:16,845 - INFO - Processing CSV progress: 90% (9/10)
2025-10-23 16:19:16,845 - INFO - Processing CSV progress: 100% (10/10)
2025-10-23 16:19:16,845 - INFO - Processed 10 case files from CSV
2025-10-23 16:19:16,990 - INFO - DB save progress: 100% (10/10)
2025-10-23 16:19:16,990 - INFO - Saved 10 case files to database
2025-10-23 16:19:16,990 - INFO - Sample record - SN: 60000001, Mark: None
2025-10-23 16:24:32,512 - INFO - Processing case file CSV: uspto_data/extracted/TRCFECO2/case_file.csv/case_file.csv
2025-10-23 16:26:51,262 - INFO - CSV file has 12691941 rows
2025-10-23 16:27:25,691 - INFO - Processing CSV progress: 0% (1/12691941)
2025-10-23 16:27:47,960 - INFO - Processing CSV progress: 1% (126920/12691941)
2025-10-23 16:28:10,492 - INFO - Processing CSV progress: 2% (253839/12691941)
2025-10-23 16:28:33,028 - INFO - Processing CSV progress: 3% (380759/12691941)
2025-10-23 16:28:55,022 - INFO - Processing CSV progress: 4% (507678/12691941)
2025-10-23 16:29:17,612 - INFO - Processing CSV progress: 5% (634598/12691941)
2025-10-23 16:29:44,463 - INFO - Processing CSV progress: 6% (761517/12691941)
2025-10-23 16:30:09,749 - INFO - Processing CSV progress: 7% (888436/12691941)
2025-10-23 16:30:34,807 - INFO - Processing CSV progress: 8% (1015356/12691941)
2025-10-23 16:31:00,910 - INFO - Processing CSV progress: 9% (1142275/12691941)
2025-10-23 16:31:29,064 - INFO - Processing CSV progress: 10% (1269195/12691941)
2025-10-23 16:31:58,670 - INFO - Processing CSV progress: 11% (1396114/12691941)
2025-10-23 16:32:28,519 - INFO - Processing CSV progress: 12% (1523033/12691941)
2025-10-23 16:32:58,196 - INFO - Processing CSV progress: 13% (1649953/12691941)
2025-10-23 16:33:27,417 - INFO - Processing CSV progress: 14% (1776872/12691941)
2025-10-23 16:33:57,119 - INFO - Processing CSV progress: 15% (1903792/12691941)
2025-10-23 16:34:26,740 - INFO - Processing CSV progress: 16% (2030711/12691941)
2025-10-23 16:34:55,368 - INFO - Processing CSV progress: 17% (2157630/12691941)
2025-10-23 16:35:22,424 - INFO - Processing CSV progress: 18% (2284550/12691941)
2025-10-23 16:35:49,200 - INFO - Processing CSV progress: 19% (2411469/12691941)
2025-10-23 16:36:15,292 - INFO - Processing CSV progress: 20% (2538389/12691941)
2025-10-23 16:38:21,060 - INFO - Processing case file CSV: uspto_data/extracted/TRCFECO2/case_file.csv/case_file.csv
2025-10-23 16:38:38,103 - INFO - Processed chunk 1, rows so far: 100000
2025-10-23 16:38:55,122 - INFO - Processed chunk 2, rows so far: 200000
2025-10-23 16:39:11,745 - INFO - Processed chunk 3, rows so far: 300000
2025-10-23 16:39:28,545 - INFO - Processed chunk 4, rows so far: 400000
2025-10-23 16:39:45,428 - INFO - Processed chunk 5, rows so far: 500000
2025-10-23 16:40:02,260 - INFO - Processed chunk 6, rows so far: 600000
2025-10-23 16:40:21,659 - INFO - Processed chunk 7, rows so far: 700000
2025-10-23 16:40:42,143 - INFO - Processed chunk 8, rows so far: 800000
2025-10-23 16:41:01,676 - INFO - Processed chunk 9, rows so far: 900000
2025-10-23 16:41:21,164 - INFO - Processed chunk 10, rows so far: 1000000
2025-10-23 16:41:41,884 - INFO - Processed chunk 11, rows so far: 1100000
2025-10-23 16:42:02,334 - INFO - Processed chunk 12, rows so far: 1200000
2025-10-23 16:42:24,417 - INFO - Processed chunk 13, rows so far: 1300000
2025-10-23 16:43:07,090 - INFO - Processing case file CSV: uspto_data/extracted/TRCFECO2/case_file.csv/case_file.csv
2025-10-23 16:43:24,122 - INFO - Processed chunk 1, rows so far: 100000
2025-10-23 16:43:41,457 - INFO - Processed chunk 2, rows so far: 200000
2025-10-23 16:43:58,282 - INFO - Processed chunk 3, rows so far: 300000
2025-10-23 16:44:15,334 - INFO - Processed chunk 4, rows so far: 400000
2025-10-23 16:44:26,196 - INFO - Processing case file CSV: uspto_data/extracted/TRCFECO2/case_file.csv/case_file.csv
2025-10-23 16:47:28,724 - INFO - Processed chunk 1, rows so far: 1000000
2025-10-23 16:50:59,701 - INFO - Processed chunk 2, rows so far: 2000000
2025-10-23 16:54:32,476 - INFO - Processed chunk 3, rows so far: 3000000
2025-10-23 16:54:47,181 - INFO - Processing case file CSV: uspto_data/extracted/TRCFECO2/case_file.csv/case_file.csv
2025-10-23 16:57:51,385 - INFO - Processed chunk 1, rows so far: 1000000
2025-10-23 16:58:34,210 - INFO - Processing case file CSV: uspto_data/extracted/TRCFECO2/case_file.csv/case_file.csv
2025-10-23 16:58:51,207 - INFO - Processed chunk 1, rows so far: 100000
2025-10-23 16:59:08,134 - INFO - Processed chunk 2, rows so far: 200000
2025-10-23 16:59:24,745 - INFO - Processed chunk 3, rows so far: 300000
2025-10-23 16:59:41,757 - INFO - Processed chunk 4, rows so far: 400000
2025-10-23 16:59:58,596 - INFO - Processed chunk 5, rows so far: 500000
2025-10-23 17:00:15,610 - INFO - Processed chunk 6, rows so far: 600000
2025-10-23 17:00:34,715 - INFO - Processed chunk 7, rows so far: 700000
2025-10-23 17:00:54,313 - INFO - Processed chunk 8, rows so far: 800000
2025-10-23 17:01:13,340 - INFO - Processed chunk 9, rows so far: 900000
2025-10-23 17:01:32,723 - INFO - Processed chunk 10, rows so far: 1000000
2025-10-23 17:01:53,283 - INFO - Processed chunk 11, rows so far: 1100000
2025-10-23 17:02:13,450 - INFO - Processed chunk 12, rows so far: 1200000
2025-10-23 17:02:34,075 - INFO - Processed chunk 13, rows so far: 1300000
2025-10-23 17:02:54,565 - INFO - Processed chunk 14, rows so far: 1400000
2025-10-23 17:03:15,235 - INFO - Processed chunk 15, rows so far: 1500000
2025-10-23 17:03:35,964 - INFO - Processed chunk 16, rows so far: 1600000
2025-10-23 17:03:56,511 - INFO - Processed chunk 17, rows so far: 1700000
2025-10-23 17:04:17,083 - INFO - Processed chunk 18, rows so far: 1800000
2025-10-23 17:04:37,542 - INFO - Processed chunk 19, rows so far: 1900000
2025-10-23 17:04:58,042 - INFO - Processed chunk 20, rows so far: 2000000
2025-10-23 17:05:18,599 - INFO - Processed chunk 21, rows so far: 2100000
2025-10-23 17:05:39,085 - INFO - Processed chunk 22, rows so far: 2200000
2025-10-23 17:05:59,344 - INFO - Processed chunk 23, rows so far: 2300000
2025-10-23 17:06:19,732 - INFO - Processed chunk 24, rows so far: 2400000
2025-10-23 17:06:40,157 - INFO - Processed chunk 25, rows so far: 2500000
2025-10-23 17:07:00,449 - INFO - Processed chunk 26, rows so far: 2600000
2025-10-23 17:07:20,757 - INFO - Processed chunk 27, rows so far: 2700000
2025-10-23 17:07:41,044 - INFO - Processed chunk 28, rows so far: 2800000
2025-10-23 17:08:01,109 - INFO - Processed chunk 29, rows so far: 2900000
2025-10-23 17:08:21,440 - INFO - Processed chunk 30, rows so far: 3000000
2025-10-23 17:08:41,513 - INFO - Processed chunk 31, rows so far: 3100000
2025-10-23 17:09:01,487 - INFO - Processed chunk 32, rows so far: 3200000
2025-10-23 17:09:21,590 - INFO - Processed chunk 33, rows so far: 3300000
2025-10-23 17:09:41,672 - INFO - Processed chunk 34, rows so far: 3400000
2025-10-23 17:10:01,829 - INFO - Processed chunk 35, rows so far: 3500000
2025-10-23 17:10:22,171 - INFO - Processed chunk 36, rows so far: 3600000
2025-10-23 17:10:42,618 - INFO - Processed chunk 37, rows so far: 3700000
2025-10-23 17:11:03,001 - INFO - Processed chunk 38, rows so far: 3800000
2025-10-23 17:11:23,128 - INFO - Processed chunk 39, rows so far: 3900000
2025-10-23 17:11:43,494 - INFO - Processed chunk 40, rows so far: 4000000
2025-10-23 17:12:03,634 - INFO - Processed chunk 41, rows so far: 4100000
2025-10-23 17:12:23,758 - INFO - Processed chunk 42, rows so far: 4200000
2025-10-23 17:12:43,962 - INFO - Processed chunk 43, rows so far: 4300000
2025-10-23 17:13:04,174 - INFO - Processed chunk 44, rows so far: 4400000
2025-10-23 17:13:24,277 - INFO - Processed chunk 45, rows so far: 4500000
2025-10-23 17:13:44,359 - INFO - Processed chunk 46, rows so far: 4600000
2025-10-23 17:14:04,457 - INFO - Processed chunk 47, rows so far: 4700000
2025-10-23 17:14:24,653 - INFO - Processed chunk 48, rows so far: 4800000
2025-10-23 17:14:44,803 - INFO - Processed chunk 49, rows so far: 4900000
2025-10-23 17:15:05,049 - INFO - Processed chunk 50, rows so far: 5000000
2025-10-23 17:15:24,679 - INFO - Processed chunk 51, rows so far: 5100000
2025-10-23 17:15:44,207 - INFO - Processed chunk 52, rows so far: 5200000
2025-10-23 17:16:04,123 - INFO - Processed chunk 53, rows so far: 5300000
2025-10-23 17:16:24,137 - INFO - Processed chunk 54, rows so far: 5400000
2025-10-23 17:16:44,296 - INFO - Processed chunk 55, rows so far: 5500000
2025-10-23 17:17:04,318 - INFO - Processed chunk 56, rows so far: 5600000
2025-10-23 17:17:24,199 - INFO - Processed chunk 57, rows so far: 5700000
2025-10-23 17:17:44,166 - INFO - Processed chunk 58, rows so far: 5800000
2025-10-23 17:18:04,032 - INFO - Processed chunk 59, rows so far: 5900000
2025-10-23 17:18:25,580 - INFO - Processed chunk 60, rows so far: 6000000
2025-10-23 17:18:53,722 - INFO - Processed chunk 61, rows so far: 6100000
2025-10-23 17:19:20,906 - INFO - Processed chunk 62, rows so far: 6200000
2025-10-23 17:19:47,494 - INFO - Processed chunk 63, rows so far: 6300000
2025-10-23 17:20:06,976 - INFO - Processed chunk 64, rows so far: 6400000
2025-10-23 17:20:27,328 - INFO - Processed chunk 65, rows so far: 6500000
2025-10-23 17:20:47,830 - INFO - Processed chunk 66, rows so far: 6600000
2025-10-23 17:21:08,190 - INFO - Processed chunk 67, rows so far: 6700000
2025-10-23 17:21:28,860 - INFO - Processed chunk 68, rows so far: 6800000
2025-10-23 17:21:49,099 - INFO - Processed chunk 69, rows so far: 6900000
2025-10-23 17:22:09,306 - INFO - Processed chunk 70, rows so far: 7000000
2025-10-23 17:22:29,656 - INFO - Processed chunk 71, rows so far: 7100000
2025-10-23 17:22:49,867 - INFO - Processed chunk 72, rows so far: 7200000
2025-10-23 17:23:10,174 - INFO - Processed chunk 73, rows so far: 7300000
2025-10-23 17:23:30,264 - INFO - Processed chunk 74, rows so far: 7400000
2025-10-23 17:23:50,288 - INFO - Processed chunk 75, rows so far: 7500000
2025-10-23 17:24:10,373 - INFO - Processed chunk 76, rows so far: 7600000
2025-10-23 17:24:30,526 - INFO - Processed chunk 77, rows so far: 7700000
2025-10-23 17:24:50,314 - INFO - Processed chunk 78, rows so far: 7800000
2025-10-23 17:25:10,380 - INFO - Processed chunk 79, rows so far: 7900000
2025-10-23 17:25:30,442 - INFO - Processed chunk 80, rows so far: 8000000
2025-10-23 17:25:50,389 - INFO - Processed chunk 81, rows so far: 8100000
2025-10-23 17:26:10,327 - INFO - Processed chunk 82, rows so far: 8200000
2025-10-23 17:26:30,175 - INFO - Processed chunk 83, rows so far: 8300000
2025-10-23 17:26:49,954 - INFO - Processed chunk 84, rows so far: 8400000
2025-10-23 17:27:09,370 - INFO - Processed chunk 85, rows so far: 8500000
2025-10-23 17:27:28,881 - INFO - Processed chunk 86, rows so far: 8600000
2025-10-23 17:27:48,373 - INFO - Processed chunk 87, rows so far: 8700000
2025-10-23 17:28:07,969 - INFO - Processed chunk 88, rows so far: 8800000
2025-10-23 17:28:27,511 - INFO - Processed chunk 89, rows so far: 8900000
2025-10-23 17:28:46,973 - INFO - Processed chunk 90, rows so far: 9000000
2025-10-23 17:29:06,472 - INFO - Processed chunk 91, rows so far: 9100000
2025-10-23 17:29:26,139 - INFO - Processed chunk 92, rows so far: 9200000
2025-10-23 17:29:45,822 - INFO - Processed chunk 93, rows so far: 9300000
2025-10-23 17:30:05,498 - INFO - Processed chunk 94, rows so far: 9400000
2025-10-23 17:30:25,464 - INFO - Processed chunk 95, rows so far: 9500000
2025-10-23 17:30:44,984 - INFO - Processed chunk 96, rows so far: 9600000
2025-10-23 17:31:04,568 - INFO - Processed chunk 97, rows so far: 9700000
2025-10-23 17:31:24,318 - INFO - Processed chunk 98, rows so far: 9800000
2025-10-23 17:31:44,001 - INFO - Processed chunk 99, rows so far: 9900000
2025-10-23 17:32:03,619 - INFO - Processed chunk 100, rows so far: 10000000
2025-10-23 17:32:23,850 - INFO - Processed chunk 101, rows so far: 10100000
2025-10-23 17:32:43,399 - INFO - Processed chunk 102, rows so far: 10200000
2025-10-23 17:33:02,973 - INFO - Processed chunk 103, rows so far: 10300000
2025-10-23 17:33:22,618 - INFO - Processed chunk 104, rows so far: 10400000
2025-10-23 17:33:42,503 - INFO - Processed chunk 105, rows so far: 10500000
2025-10-23 17:34:02,088 - INFO - Processed chunk 106, rows so far: 10600000
2025-10-23 17:34:21,600 - INFO - Processed chunk 107, rows so far: 10700000
2025-10-23 17:34:41,303 - INFO - Processed chunk 108, rows so far: 10800000
2025-10-23 17:35:01,043 - INFO - Processed chunk 109, rows so far: 10900000
2025-10-23 17:35:20,564 - INFO - Processed chunk 110, rows so far: 11000000
2025-10-23 17:35:40,048 - INFO - Processed chunk 111, rows so far: 11100000
2025-10-23 17:35:59,514 - INFO - Processed chunk 112, rows so far: 11200000
2025-10-23 17:36:18,785 - INFO - Processed chunk 113, rows so far: 11300000
2025-10-23 17:36:38,007 - INFO - Processed chunk 114, rows so far: 11400000
2025-10-23 17:36:55,363 - INFO - Processed chunk 115, rows so far: 11500000
2025-10-23 17:37:12,842 - INFO - Processed chunk 116, rows so far: 11600000
2025-10-23 17:37:32,397 - INFO - Processed chunk 117, rows so far: 11700000
2025-10-23 17:37:51,828 - INFO - Processed chunk 118, rows so far: 11800000
2025-10-23 17:38:11,823 - INFO - Processed chunk 119, rows so far: 11900000
2025-10-23 17:38:31,715 - INFO - Processed chunk 120, rows so far: 12000000
2025-10-23 17:38:51,350 - INFO - Processed chunk 121, rows so far: 12100000
2025-10-23 17:39:10,712 - INFO - Processed chunk 122, rows so far: 12200000
2025-10-23 17:39:30,108 - INFO - Processed chunk 123, rows so far: 12300000
2025-10-23 17:39:49,883 - INFO - Processed chunk 124, rows so far: 12400000
2025-10-23 17:40:09,855 - INFO - Processed chunk 125, rows so far: 12500000
2025-10-23 17:40:29,497 - INFO - Processed chunk 126, rows so far: 12600000
2025-10-23 17:40:47,228 - INFO - Processed chunk 127, rows so far: 12691941
2025-10-23 17:40:47,265 - INFO - Processed 12691941 case files from CSV (rows read: 12691941)
2025-10-23 17:40:47,601 - ERROR - Database save failed: unsupported format character: '('
